<?xml version="1.0" encoding="UTF-8"?>
<!-- Generated by org.testng.reporters.JUnitXMLReporter -->
<testsuite hostname="DESKTOP-5T03LQ5" ignored="0" name="BankManagerPageTest" tests="2" failures="0" timestamp="2022-10-10T20:07:58 IST" time="61.15" errors="0">
  <testcase name="addACustomer" time="19.268" classname="com.XYZBank.testcase.BankManagerPageTest"/>
  <testcase name="addACustomer" time="38.543" classname="com.XYZBank.testcase.BankManagerPageTest"/>
</testsuite> <!-- BankManagerPageTest -->
