<?xml version="1.0" encoding="UTF-8"?>
<!-- Generated by org.testng.reporters.JUnitXMLReporter -->
<testsuite hostname="DESKTOP-5T03LQ5" ignored="0" name="BankManagerPageTest" tests="2" failures="0" timestamp="2022-10-08T11:54:08 IST" time="240.43" errors="0">
  <testcase name="addACustomer" time="48.017" classname="com.XYZBank.testcase.BankManagerPageTest"/>
  <testcase name="addACustomer" time="189.607" classname="com.XYZBank.testcase.BankManagerPageTest"/>
</testsuite> <!-- BankManagerPageTest -->
