<?xml version="1.0" encoding="UTF-8"?>
<testng-results skipped="0" failed="0" ignored="0" total="1" passed="1">
  <reporter-output>
  </reporter-output>
  <suite name="Suite" duration-ms="41171" started-at="2022-10-10T20:23:06 IST" finished-at="2022-10-10T20:23:47 IST">
    <groups>
    </groups>
    <test name="HomePageTest" duration-ms="41171" started-at="2022-10-10T20:23:06 IST" finished-at="2022-10-10T20:23:47 IST">
      <class name="com.XYZBank.testcase.HomePageTest">
        <test-method status="PASS" signature="setUpFramework()[pri:0, instance:com.XYZBank.testcase.HomePageTest@5e5792a0]" name="setUpFramework" is-config="true" duration-ms="28" started-at="2022-10-10T20:23:06 IST" finished-at="2022-10-10T20:23:06 IST">
          <reporter-output>
          </reporter-output>
        </test-method> <!-- setUpFramework -->
        <test-method status="PASS" signature="bank()[pri:0, instance:com.XYZBank.testcase.HomePageTest@5e5792a0]" name="bank" duration-ms="41089" started-at="2022-10-10T20:23:06 IST" finished-at="2022-10-10T20:23:47 IST">
          <reporter-output>
          </reporter-output>
        </test-method> <!-- bank -->
        <test-method status="PASS" signature="close()[pri:0, instance:com.XYZBank.testcase.HomePageTest@5e5792a0]" name="close" is-config="true" duration-ms="500" started-at="2022-10-10T20:23:47 IST" finished-at="2022-10-10T20:23:48 IST">
          <reporter-output>
          </reporter-output>
        </test-method> <!-- close -->
      </class> <!-- com.XYZBank.testcase.HomePageTest -->
    </test> <!-- HomePageTest -->
  </suite> <!-- Suite -->
</testng-results>
